[2023-07-09T21:23:01.573] [INFO] info - *** 昵称: 超级管理员 登录成功
[2023-07-09T21:50:34.405] [INFO] info - *** 昵称: 书中枫叶 登录成功
[2023-07-09T21:53:46.025] [INFO] info - *** 昵称: 超级管理员 登录成功
[2023-07-09T22:08:25.543] [INFO] info - *** 昵称: ZY·Admin 登录成功
[2023-07-09T22:16:28.685] [INFO] info - *** 昵称: 注册的用户 登录成功
[2023-07-09T22:17:22.294] [INFO] info - *** 昵称: 注册的用户 登录成功
[2023-07-09T22:17:24.605] [INFO] info - *** 昵称: 注册的用户 登录成功
[2023-07-09T22:17:55.571] [INFO] info - *** 昵称: 亡命之徒 登录成功
[2023-07-09T22:18:07.787] [INFO] info - *** 昵称: 注册的用户 登录成功
[2023-07-09T22:19:33.569] [INFO] info - *** 昵称: 注册的用户 登录成功
[2023-07-09T22:22:40.147] [INFO] info - --forst--注册成功
[2023-07-09T22:25:07.298] [INFO] info - *** 昵称: 我是来注册的呢 登录成功
[2023-07-09T22:26:18.015] [INFO] info - *** 昵称: ZY·Admin 登录成功
[2023-07-10T09:59:20.748] [INFO] info - *** 昵称: ZY·Admin 登录成功
[2023-07-11T22:18:42.687] [INFO] info - *** 昵称: ZY·Admin 登录成功
[2023-07-13T16:41:46.480] [INFO] info - *** 昵称: ZY·Admin 登录成功
[2024-01-24T12:21:19.581] [INFO] info - *** 昵称: ZY·Admin 登录成功
[2024-01-25T17:35:33.859] [INFO] info - *** 昵称: ZY·Admin 登录成功
[2024-01-25T17:39:04.702] [INFO] info - *** 昵称: ZY·Admin 登录成功
[2024-01-25T17:41:08.836] [INFO] info - *** 昵称: ZY·Admin 登录成功
[2024-01-25T17:42:10.986] [INFO] info - *** 昵称: ZY·Admin 登录成功
[2024-01-25T17:55:08.252] [INFO] info - *** 昵称: ZY·Admin 登录成功
[2024-01-26T16:00:34.328] [INFO] info - *** 昵称: ZY·Admin 登录成功
[2024-01-26T16:01:32.164] [INFO] info - *** 昵称: ZY·Admin 登录成功
[2024-01-26T16:02:58.411] [INFO] info - *** 昵称: ZY·Admin 登录成功
[2024-01-26T16:03:27.178] [INFO] info - *** 昵称: ZY·Admin 登录成功
[2024-01-26T16:03:47.288] [INFO] info - *** 昵称: ZY·Admin 登录成功
[2024-01-26T16:04:50.475] [INFO] info - *** 昵称: ZY·Admin 登录成功
[2024-01-26T16:16:55.404] [INFO] info - *** 昵称: ZY·Admin 登录成功
[2024-01-26T16:35:17.713] [INFO] info - *** 昵称: ZY·Admin 登录成功
[2024-01-26T16:36:17.297] [INFO] info - *** 昵称: ZY·Admin 登录成功
[2024-01-26T16:37:34.707] [INFO] info - *** 昵称: ZY·Admin 登录成功
[2024-01-26T16:42:48.328] [INFO] info - *** 昵称: ZY·Admin 登录成功
[2024-01-26T16:46:42.302] [INFO] info - *** 昵称: ZY·Admin 登录成功
[2024-01-26T16:50:31.077] [INFO] info - *** 昵称: ZY·Admin 登录成功
[2024-01-26T16:55:27.735] [INFO] info - *** 昵称: ZY·Admin 登录成功
[2024-01-26T16:56:10.813] [INFO] info - *** 昵称: ZY·Admin 登录成功
[2024-01-26T16:57:20.383] [INFO] info - *** 昵称: ZY·Admin 登录成功
[2024-01-26T16:59:25.351] [INFO] info - *** 昵称: ZY·Admin 登录成功
[2024-01-26T17:00:03.040] [INFO] info - *** 昵称: ZY·Admin 登录成功
[2024-01-26T17:01:18.938] [INFO] info - *** 昵称: ZY·Admin 登录成功
[2024-01-26T17:02:00.351] [INFO] info - *** 昵称: ZY·Admin 登录成功
[2024-01-26T17:04:28.305] [INFO] info - *** 昵称: ZY·Admin 登录成功
[2024-01-26T17:04:35.288] [INFO] info - *** 昵称: ZY·Admin 登录成功
[2024-01-26T17:16:25.355] [INFO] info - *** 昵称: ZY·Admin 登录成功
